2021-05-26 11:03:26 INFO  BaseTest:59 - 窗口最大化
2021-05-26 11:03:27 INFO  BaseTest:54 - 打开【http://8.129.91.152:8765/Index/login.html】地址
2021-05-26 11:03:27 INFO  BaseTest:64 - 设置全局等待时间【8】秒
2021-05-26 11:03:27 INFO  BasePage:45 - 往元素【登录页面_手机号码输入框】输入了【1585901925】
2021-05-26 11:03:27 INFO  BasePage:45 - 往元素【登录页面_密码输入框】输入了【lemon123456】
2021-05-26 11:03:27 INFO  BasePage:28 - 点击了元素【登录页面_点击按钮】
2021-05-26 11:03:27 INFO  BasePage:66 - 获取元素【登陆页面_输入框的提示信息】的文本值【请输入正确的手机号】
2021-05-26 11:03:27 ERROR Assetion:43 - 断言实际值【请输入正确的手机号】与期望值【请输入正确的手机号s】不一样
2021-05-26 11:03:27 ERROR Assetion:44 - java.lang.AssertionError: expected [请输入正确的手机号s] but found [请输入正确的手机号]
2021-05-26 11:03:28 INFO  BaseTest:80 - 关闭浏览器
2021-05-26 11:03:30 INFO  BaseTest:59 - 窗口最大化
2021-05-26 11:03:30 INFO  BaseTest:54 - 打开【http://8.129.91.152:8765/Index/login.html】地址
2021-05-26 11:03:30 INFO  BaseTest:64 - 设置全局等待时间【8】秒
2021-05-26 11:03:31 INFO  BasePage:45 - 往元素【登录页面_手机号码输入框】输入了【158590192534】
2021-05-26 11:03:31 INFO  BasePage:45 - 往元素【登录页面_密码输入框】输入了【lemon123456】
2021-05-26 11:03:31 INFO  BasePage:28 - 点击了元素【登录页面_点击按钮】
2021-05-26 11:03:31 INFO  BasePage:66 - 获取元素【登陆页面_输入框的提示信息】的文本值【请输入正确的手机号】
2021-05-26 11:03:31 ERROR Assetion:43 - 断言实际值【请输入正确的手机号】与期望值【请输入正确的手机号s】不一样
2021-05-26 11:03:31 ERROR Assetion:44 - java.lang.AssertionError: expected [请输入正确的手机号s] but found [请输入正确的手机号]
2021-05-26 11:03:32 INFO  BaseTest:80 - 关闭浏览器
2021-05-26 11:03:33 INFO  BaseTest:59 - 窗口最大化
2021-05-26 11:03:34 INFO  BaseTest:54 - 打开【http://8.129.91.152:8765/Index/login.html】地址
2021-05-26 11:03:34 INFO  BaseTest:64 - 设置全局等待时间【8】秒
2021-05-26 11:03:34 INFO  BasePage:45 - 往元素【登录页面_手机号码输入框】输入了【1585901925%】
2021-05-26 11:03:34 INFO  BasePage:45 - 往元素【登录页面_密码输入框】输入了【lemon123456】
2021-05-26 11:03:34 INFO  BasePage:28 - 点击了元素【登录页面_点击按钮】
2021-05-26 11:03:34 INFO  BasePage:66 - 获取元素【登陆页面_输入框的提示信息】的文本值【请输入正确的手机号】
2021-05-26 11:03:34 ERROR Assetion:43 - 断言实际值【请输入正确的手机号】与期望值【请输入正确的手机号s】不一样
2021-05-26 11:03:34 ERROR Assetion:44 - java.lang.AssertionError: expected [请输入正确的手机号s] but found [请输入正确的手机号]
2021-05-26 11:03:35 INFO  BaseTest:80 - 关闭浏览器
2021-05-26 11:03:36 INFO  BaseTest:59 - 窗口最大化
2021-05-26 11:03:37 INFO  BaseTest:54 - 打开【http://8.129.91.152:8765/Index/login.html】地址
2021-05-26 11:03:37 INFO  BaseTest:64 - 设置全局等待时间【8】秒
2021-05-26 11:03:37 INFO  BasePage:45 - 往元素【登录页面_手机号码输入框】输入了【13323234545】
2021-05-26 11:03:37 INFO  BasePage:45 - 往元素【登录页面_密码输入框】输入了【LEMON123456】
2021-05-26 11:03:37 INFO  BasePage:28 - 点击了元素【登录页面_点击按钮】
2021-05-26 11:03:37 INFO  BasePage:66 - 获取元素【登陆页面_中间弹窗的提示信息】的文本值【帐号或密码错误!】
2021-05-26 11:03:37 INFO  Assetion:47 - 断言实际值【帐号或密码错误!】与期望值【帐号或密码错误!】相同
2021-05-26 11:03:38 INFO  BaseTest:80 - 关闭浏览器
2021-05-26 11:03:40 INFO  BaseTest:59 - 窗口最大化
2021-05-26 11:03:41 INFO  BaseTest:54 - 打开【http://8.129.91.152:8765/Index/login.html】地址
2021-05-26 11:03:41 INFO  BaseTest:64 - 设置全局等待时间【8】秒
2021-05-26 11:03:41 INFO  BasePage:45 - 往元素【登录页面_手机号码输入框】输入了【13323234545】
2021-05-26 11:03:41 INFO  BasePage:45 - 往元素【登录页面_密码输入框】输入了【lemon1234567】
2021-05-26 11:03:41 INFO  BasePage:28 - 点击了元素【登录页面_点击按钮】
2021-05-26 11:03:41 INFO  BasePage:66 - 获取元素【登陆页面_中间弹窗的提示信息】的文本值【帐号或密码错误!】
2021-05-26 11:03:41 INFO  Assetion:47 - 断言实际值【帐号或密码错误!】与期望值【帐号或密码错误!】相同
2021-05-26 11:03:42 INFO  BaseTest:80 - 关闭浏览器
2021-05-26 11:03:43 INFO  BaseTest:59 - 窗口最大化
2021-05-26 11:03:44 INFO  BaseTest:54 - 打开【http://8.129.91.152:8765/Index/login.html】地址
2021-05-26 11:03:44 INFO  BaseTest:64 - 设置全局等待时间【8】秒
2021-05-26 11:03:44 INFO  BasePage:45 - 往元素【登录页面_手机号码输入框】输入了【13323234545】
2021-05-26 11:03:44 INFO  BasePage:45 - 往元素【登录页面_密码输入框】输入了【lemon12345】
2021-05-26 11:03:44 INFO  BasePage:28 - 点击了元素【登录页面_点击按钮】
2021-05-26 11:03:44 INFO  BasePage:66 - 获取元素【登陆页面_中间弹窗的提示信息】的文本值【帐号或密码错误!】
2021-05-26 11:03:44 INFO  Assetion:47 - 断言实际值【帐号或密码错误!】与期望值【帐号或密码错误!】相同
2021-05-26 11:03:45 INFO  BaseTest:80 - 关闭浏览器
2021-05-26 11:03:46 INFO  BaseTest:59 - 窗口最大化
2021-05-26 11:03:47 INFO  BaseTest:54 - 打开【http://8.129.91.152:8765/Index/login.html】地址
2021-05-26 11:03:47 INFO  BaseTest:64 - 设置全局等待时间【8】秒
2021-05-26 11:03:47 INFO  BasePage:45 - 往元素【登录页面_手机号码输入框】输入了【13323234545】
2021-05-26 11:03:47 INFO  BasePage:45 - 往元素【登录页面_密码输入框】输入了【lemon123456 】
2021-05-26 11:03:47 INFO  BasePage:28 - 点击了元素【登录页面_点击按钮】
2021-05-26 11:03:55 INFO  BasePage:68 - 定位元素异常【登陆页面_中间弹窗的提示信息】
2021-05-26 11:03:55 INFO  BasePage:69 - org.openqa.selenium.TimeoutException: Expected condition failed: waiting for visibility of element located by By.xpath: //div[text()='帐号或密码错误!'] (tried for 8 second(s) with 500 milliseconds interval)
2021-05-26 11:03:56 INFO  BaseTest:80 - 关闭浏览器
2021-05-26 11:03:58 INFO  BaseTest:59 - 窗口最大化
2021-05-26 11:03:58 INFO  BaseTest:54 - 打开【http://8.129.91.152:8765/Index/login.html】地址
2021-05-26 11:03:58 INFO  BaseTest:64 - 设置全局等待时间【8】秒
2021-05-26 11:03:58 INFO  BasePage:45 - 往元素【登录页面_手机号码输入框】输入了【13323234545】
2021-05-26 11:03:58 INFO  BasePage:45 - 往元素【登录页面_密码输入框】输入了【lemon123456】
2021-05-26 11:03:58 INFO  BasePage:28 - 点击了元素【登录页面_点击按钮】
2021-05-26 11:03:59 INFO  Assetion:20 - 断言【true】是否为真
2021-05-26 11:03:59 INFO  Assetion:20 - 断言【true】是否为真
2021-05-26 11:03:59 INFO  BaseTest:74 - 获取currentUrl【http://8.129.91.152:8765/Index/index】
2021-05-26 11:03:59 INFO  Assetion:47 - 断言实际值【http://8.129.91.152:8765/Index/index】与期望值【http://8.129.91.152:8765/Index/index】相同
2021-05-26 11:04:00 INFO  BaseTest:80 - 关闭浏览器
